<?xml version="1.0" encoding="UTF-8"?>
<testsuite name="com.example.ocpp.repository.OcpeventRepositoryTest" tests="1" skipped="0" failures="0" errors="0" timestamp="2025-11-06T11:23:00" hostname="SADHANAPOL" time="0.017">
  <properties/>
  <testcase name="testSaveAndFindOcpevent()" classname="com.example.ocpp.repository.OcpeventRepositoryTest" time="0.017"/>
  <system-out><![CDATA[2025-11-06T16:53:00.671+05:30  INFO 16828 --- [    Test worker] t.c.s.AnnotationConfigContextLoaderUtils : Could not detect default configuration classes for test class [com.example.ocpp.repository.OcpeventRepositoryTest]: OcpeventRepositoryTest does not declare any static, non-private, non-final, nested classes annotated with @Configuration.
2025-11-06T16:53:00.687+05:30  INFO 16828 --- [    Test worker] .b.t.c.SpringBootTestContextBootstrapper : Found @SpringBootConfiguration com.example.ocpp.OcppCsmsApplication for test class com.example.ocpp.repository.OcpeventRepositoryTest
Hibernate: insert into ocpevent (event_type,payload,received_at,id) values (?,?,?,default)
]]></system-out>
  <system-err><![CDATA[]]></system-err>
</testsuite>
