<?xml version="1.0" encoding="UTF-8"?>
<testsuite name="com.example.ocpp.websocket.OcppWebSocketHandlerTest" tests="1" skipped="0" failures="0" errors="0" timestamp="2025-11-05T14:09:49" hostname="SADHANAPOL" time="1.714">
  <properties/>
  <testcase name="testHandleTextMessage()" classname="com.example.ocpp.websocket.OcppWebSocketHandlerTest" time="1.714"/>
  <system-out><![CDATA[19:39:50.727 [Test worker] INFO com.example.ocpp.websocket.OcppWebSocketHandler -- Received message: {"test":"payload"}
]]></system-out>
  <system-err><![CDATA[]]></system-err>
</testsuite>
