<?xml version="1.0" encoding="UTF-8"?>
<testsuite name="com.example.ocpp.repository.ChargerRepositoryTest" tests="1" skipped="0" failures="0" errors="0" timestamp="2025-11-06T11:22:59" hostname="SADHANAPOL" time="0.867">
  <properties/>
  <testcase name="testSaveAndFindCharger()" classname="com.example.ocpp.repository.ChargerRepositoryTest" time="0.867"/>
  <system-out><![CDATA[16:52:53.336 [Test worker] INFO org.springframework.test.context.support.AnnotationConfigContextLoaderUtils -- Could not detect default configuration classes for test class [com.example.ocpp.repository.ChargerRepositoryTest]: ChargerRepositoryTest does not declare any static, non-private, non-final, nested classes annotated with @Configuration.
16:52:53.609 [Test worker] INFO org.springframework.boot.test.context.SpringBootTestContextBootstrapper -- Found @SpringBootConfiguration com.example.ocpp.OcppCsmsApplication for test class com.example.ocpp.repository.ChargerRepositoryTest
16:52:53.838 [Test worker] INFO org.springframework.boot.devtools.restart.RestartApplicationListener -- Restart disabled due to context in which it is running

  .   ____          _            __ _ _
 /\\ / ___'_ __ _ _(_)_ __  __ _ \ \ \ \
( ( )\___ | '_ | '_| | '_ \/ _` | \ \ \ \
 \\/  ___)| |_)| | | | | || (_| |  ) ) ) )
  '  |____| .__|_| |_|_| |_\__, | / / / /
 =========|_|==============|___/=/_/_/_/
 :: Spring Boot ::                (v3.2.0)

2025-11-06T16:52:54.697+05:30  INFO 16828 --- [    Test worker] c.e.o.repository.ChargerRepositoryTest   : Starting ChargerRepositoryTest using Java 17.0.12 with PID 16828 (started by SadhanaP in D:\_evoke_repo\ocpp-csms-service)
2025-11-06T16:52:54.697+05:30 DEBUG 16828 --- [    Test worker] c.e.o.repository.ChargerRepositoryTest   : Running with Spring Boot v3.2.0, Spring v6.1.1
2025-11-06T16:52:54.705+05:30  INFO 16828 --- [    Test worker] c.e.o.repository.ChargerRepositoryTest   : The following 1 profile is active: "dev"
2025-11-06T16:52:55.347+05:30  INFO 16828 --- [    Test worker] .s.d.r.c.RepositoryConfigurationDelegate : Bootstrapping Spring Data JPA repositories in DEFAULT mode.
2025-11-06T16:52:55.468+05:30  INFO 16828 --- [    Test worker] .s.d.r.c.RepositoryConfigurationDelegate : Finished Spring Data repository scanning in 105 ms. Found 4 JPA repository interfaces.
2025-11-06T16:52:55.566+05:30  INFO 16828 --- [    Test worker] beddedDataSourceBeanFactoryPostProcessor : Replacing 'dataSource' DataSource bean with embedded version
2025-11-06T16:52:55.876+05:30  INFO 16828 --- [    Test worker] o.s.j.d.e.EmbeddedDatabaseFactory        : Starting embedded database: url='jdbc:h2:mem:8d7e1b45-8396-4123-9436-d1f95e25f822;DB_CLOSE_DELAY=-1;DB_CLOSE_ON_EXIT=false', username='sa'
2025-11-06T16:52:56.512+05:30  INFO 16828 --- [    Test worker] o.hibernate.jpa.internal.util.LogHelper  : HHH000204: Processing PersistenceUnitInfo [name: default]
2025-11-06T16:52:56.632+05:30  INFO 16828 --- [    Test worker] org.hibernate.Version                    : HHH000412: Hibernate ORM core version 6.3.1.Final
2025-11-06T16:52:56.714+05:30  INFO 16828 --- [    Test worker] o.h.c.internal.RegionFactoryInitiator    : HHH000026: Second-level cache disabled
2025-11-06T16:52:57.221+05:30  INFO 16828 --- [    Test worker] o.s.o.j.p.SpringPersistenceUnitInfo      : No LoadTimeWeaver setup: ignoring JPA class transformer
2025-11-06T16:52:57.317+05:30  WARN 16828 --- [    Test worker] org.hibernate.orm.deprecation            : HHH90000025: H2Dialect does not need to be specified explicitly using 'hibernate.dialect' (remove the property setting and it will be selected by default)
2025-11-06T16:52:59.082+05:30  INFO 16828 --- [    Test worker] o.h.e.t.j.p.i.JtaPlatformInitiator       : HHH000489: No JTA platform available (set 'hibernate.transaction.jta.platform' to enable JTA platform integration)
Hibernate: create table charger (id bigint generated by default as identity, serial_number varchar(255), status varchar(255), primary key (id))
Hibernate: create table ocpevent (id bigint generated by default as identity, event_type varchar(255), payload varchar(255), received_at timestamp(6), primary key (id))
Hibernate: create table session (id bigint generated by default as identity, end_time timestamp(6), start_time timestamp(6), charger_id bigint, primary key (id))
Hibernate: create table transaction (id bigint generated by default as identity, amount float(53), timestamp timestamp(6), session_id bigint, primary key (id))
Hibernate: alter table if exists session add constraint FK96ghh51d7tg6suu04arw4gbn foreign key (charger_id) references charger
Hibernate: alter table if exists transaction add constraint FKid7jsspq767t5ddpfua102pr1 foreign key (session_id) references session
2025-11-06T16:52:59.224+05:30  INFO 16828 --- [    Test worker] j.LocalContainerEntityManagerFactoryBean : Initialized JPA EntityManagerFactory for persistence unit 'default'
2025-11-06T16:52:59.778+05:30  INFO 16828 --- [    Test worker] c.e.o.repository.ChargerRepositoryTest   : Started ChargerRepositoryTest in 5.975 seconds (process running for 8.454)
Hibernate: insert into charger (serial_number,status,id) values (?,?,default)
]]></system-out>
  <system-err><![CDATA[]]></system-err>
</testsuite>
