<?xml version="1.0" encoding="UTF-8"?>
<testsuite name="com.example.ocpp.repository.SessionRepositoryTest" tests="1" skipped="0" failures="0" errors="0" timestamp="2025-11-06T11:23:00" hostname="SADHANAPOL" time="0.016">
  <properties/>
  <testcase name="testSaveAndFindSession()" classname="com.example.ocpp.repository.SessionRepositoryTest" time="0.016"/>
  <system-out><![CDATA[2025-11-06T16:53:00.713+05:30  INFO 16828 --- [    Test worker] t.c.s.AnnotationConfigContextLoaderUtils : Could not detect default configuration classes for test class [com.example.ocpp.repository.SessionRepositoryTest]: SessionRepositoryTest does not declare any static, non-private, non-final, nested classes annotated with @Configuration.
2025-11-06T16:53:00.731+05:30  INFO 16828 --- [    Test worker] .b.t.c.SpringBootTestContextBootstrapper : Found @SpringBootConfiguration com.example.ocpp.OcppCsmsApplication for test class com.example.ocpp.repository.SessionRepositoryTest
Hibernate: insert into charger (serial_number,status,id) values (?,?,default)
Hibernate: insert into session (charger_id,end_time,start_time,id) values (?,?,?,default)
]]></system-out>
  <system-err><![CDATA[]]></system-err>
</testsuite>
